<?xml version="1.0" encoding="UTF-8"?>
<!-- Generated by org.testng.reporters.JUnitReportReporter -->
<testsuite hostname="DESKTOP-6R22ME0" failures="0" tests="33" name="cs.ing.lab01.VehiculoTest" time="1.067" errors="0" timestamp="2021-09-09T22:22:05 COT" skipped="0">
  <testcase classname="cs.ing.lab01.VehiculoTest" name="StressTest01" time="0.100"/>
  <system-out/>
  <testcase classname="cs.ing.lab01.VehiculoTest" name="StressTest02" time="0.001"/>
  <system-out/>
  <testcase classname="cs.ing.lab01.VehiculoTest" name="TestTrip03" time="0.001"/>
  <system-out/>
  <testcase classname="cs.ing.lab01.VehiculoTest" name="StressTest01" time="0.092"/>
  <system-out/>
  <testcase classname="cs.ing.lab01.VehiculoTest" name="StressTest02" time="0.000"/>
  <system-out/>
  <testcase classname="cs.ing.lab01.VehiculoTest" name="TestTrip05" time="0.001"/>
  <system-out/>
  <testcase classname="cs.ing.lab01.VehiculoTest" name="StressTest01" time="0.100"/>
  <system-out/>
  <testcase classname="cs.ing.lab01.VehiculoTest" name="StressTest02" time="0.001"/>
  <system-out/>
  <testcase classname="cs.ing.lab01.VehiculoTest" name="StressTest01" time="0.100"/>
  <system-out/>
  <testcase classname="cs.ing.lab01.VehiculoTest" name="StressTest01" time="0.099"/>
  <system-out/>
  <testcase classname="cs.ing.lab01.VehiculoTest" name="TestTrip02" time="0.001"/>
  <system-out/>
  <testcase classname="cs.ing.lab01.VehiculoTest" name="TestRefuel06" time="0.000"/>
  <system-out/>
  <testcase classname="cs.ing.lab01.VehiculoTest" name="TestMain" time="0.082"/>
  <system-out/>
  <testcase classname="cs.ing.lab01.VehiculoTest" name="TestRefuel02" time="0.000"/>
  <system-out/>
  <testcase classname="cs.ing.lab01.VehiculoTest" name="TestTrip04" time="0.000"/>
  <system-out/>
  <testcase classname="cs.ing.lab01.VehiculoTest" name="StressTest02" time="0.000"/>
  <system-out/>
  <testcase classname="cs.ing.lab01.VehiculoTest" name="StressTest02" time="0.001"/>
  <system-out/>
  <testcase classname="cs.ing.lab01.VehiculoTest" name="TestRefuel01" time="0.001"/>
  <system-out/>
  <testcase classname="cs.ing.lab01.VehiculoTest" name="TestRefuel03" time="0.000"/>
  <system-out/>
  <testcase classname="cs.ing.lab01.VehiculoTest" name="StressTest02" time="0.001"/>
  <system-out/>
  <testcase classname="cs.ing.lab01.VehiculoTest" name="TestTrip01" time="0.008"/>
  <system-out/>
  <testcase classname="cs.ing.lab01.VehiculoTest" name="StressTest01" time="0.099"/>
  <system-out/>
  <testcase classname="cs.ing.lab01.VehiculoTest" name="StressTest02" time="0.001"/>
  <system-out/>
  <testcase classname="cs.ing.lab01.VehiculoTest" name="TestRefuel05" time="0.000"/>
  <system-out/>
  <testcase classname="cs.ing.lab01.VehiculoTest" name="StressTest01" time="0.092"/>
  <system-out/>
  <testcase classname="cs.ing.lab01.VehiculoTest" name="StressTest01" time="0.100"/>
  <system-out/>
  <testcase classname="cs.ing.lab01.VehiculoTest" name="TestTrip06" time="0.000"/>
  <system-out/>
  <testcase classname="cs.ing.lab01.VehiculoTest" name="TestRefuel04" time="0.001"/>
  <system-out/>
  <testcase classname="cs.ing.lab01.VehiculoTest" name="StressTest01" time="0.090"/>
  <system-out/>
  <testcase classname="cs.ing.lab01.VehiculoTest" name="StressTest02" time="0.000"/>
  <system-out/>
  <testcase classname="cs.ing.lab01.VehiculoTest" name="StressTest02" time="0.002"/>
  <system-out/>
  <testcase classname="cs.ing.lab01.VehiculoTest" name="StressTest02" time="0.002"/>
  <system-out/>
  <testcase classname="cs.ing.lab01.VehiculoTest" name="StressTest01" time="0.091"/>
  <system-out/>
</testsuite> <!-- cs.ing.lab01.VehiculoTest -->
